TN:
SF:src/stories/Button.tsx
FN:1,(anonymous_0)
FN:17,(anonymous_1)
FNF:2
FNH:2
FNDA:12,(anonymous_0)
FNDA:39,(anonymous_1)
DA:1,96
DA:17,12
DA:24,39
DA:27,39
DA:39,12
LF:5
LH:5
BRDA:1,0,0,24
BRDA:1,0,1,12
BRDA:1,1,0,12
BRDA:18,2,0,26
BRDA:19,3,0,13
BRDA:24,4,0,13
BRDA:24,4,1,26
BRF:7
BRH:7
end_of_record
TN:
SF:src/stories/Header.tsx
FN:1,(anonymous_0)
FN:17,(anonymous_1)
FNF:2
FNH:2
FNDA:6,(anonymous_0)
FNDA:12,(anonymous_1)
DA:1,48
DA:17,6
DA:18,12
DA:56,6
LF:4
LH:4
BRDA:1,0,0,12
BRDA:1,0,1,6
BRDA:1,1,0,6
BRDA:40,2,0,5
BRDA:40,2,1,7
BRF:5
BRH:5
end_of_record
TN:
SF:src/stories/Page.tsx
FN:1,(anonymous_0)
FN:10,(anonymous_1)
FN:17,(anonymous_2)
FN:18,(anonymous_3)
FN:19,(anonymous_4)
FNF:5
FNH:3
FNDA:3,(anonymous_0)
FNDA:7,(anonymous_1)
FNDA:2,(anonymous_2)
FNDA:0,(anonymous_3)
FNDA:0,(anonymous_4)
DA:1,27
DA:10,7
DA:11,7
DA:13,7
DA:17,2
DA:18,0
DA:19,0
DA:73,3
LF:8
LH:6
BRDA:1,0,0,6
BRDA:1,0,1,3
BRDA:1,1,0,3
BRF:3
BRH:3
end_of_record
